%!Adobe-FontList 1.18
%Locale:0x409

%BeginFont
Handler:DirectoryHandler
FontType:TrueType
FontName:Oswald-Light
FamilyName:Oswald
StyleName:Light
FullName:Oswald Light
MenuName:Oswald
StyleBits:0
WritingScript:Roman
OutlineFileName:C:\Users\PhutureX\Documents\Endprojekt\Konzeptbuch\Konzeptbuch Export\Document fonts\Oswald-Light.ttf
DataFormat:sfntData
hasSVG:no
FileLength:44740
FileModTime:1494514975
WeightClass:300
WidthClass:5
AngleClass:0
NameArray:0,Mac,18,Oswald Light
NameArray:0,Mac,4,Oswald Light
NameArray:0,Win,1,Oswald
%EndFont

%BeginFont
Handler:DirectoryHandler
FontType:TrueType
FontName:Oswald-Regular
FamilyName:Oswald
StyleName:Regular
FullName:Oswald Regular
MenuName:Oswald
StyleBits:0
WritingScript:Roman
OutlineFileName:C:\Users\PhutureX\Documents\Endprojekt\Konzeptbuch\Konzeptbuch Export\Document fonts\Oswald-Regular.ttf
DataFormat:sfntData
hasSVG:no
FileLength:50944
FileModTime:1494514982
WeightClass:400
WidthClass:5
AngleClass:0
NameArray:0,Mac,18,Oswald Regular
NameArray:0,Mac,4,Oswald Regular
NameArray:0,Win,1,Oswald
%EndFont

